0 info it worked if it ends with ok
1 verbose cli [ 'd:\\Program Files\\nodejs\\node.exe',
1 verbose cli   'C:\\Users\\Administrator\\AppData\\Roaming\\npm\\node_modules\\npm\\bin\\npm-cli.js',
1 verbose cli   'run',
1 verbose cli   'server' ]
2 info using npm@4.0.2
3 info using node@v6.10.2
4 verbose run-script [ 'preserver', 'server', 'postserver' ]
5 info lifecycle final-assets@1.0.0~preserver: final-assets@1.0.0
6 silly lifecycle final-assets@1.0.0~preserver: no script for preserver, continuing
7 info lifecycle final-assets@1.0.0~server: final-assets@1.0.0
8 verbose lifecycle final-assets@1.0.0~server: unsafe-perm in lifecycle true
9 verbose lifecycle final-assets@1.0.0~server: PATH: C:\Users\Administrator\AppData\Roaming\npm\node_modules\npm\bin\node-gyp-bin;d:\workspace\final\final-assets\node_modules\.bin;c:\Users\Administrator\bin;.;d:\Program Files\Git\local\bin;d:\Program Files\Git\mingw\bin;d:\Program Files\Git\bin;d:\Program Files\Git\bin;c:\Program Files (x86)\Common Files\NetSarang;c:\windows\system32;c:\windows;c:\windows\System32\Wbem;c:\windows\System32\WindowsPowerShell\v1.0\;c:\Program Files\Lenovo\Fingerprint Manager Pro\;c:\Program Files\TortoiseSVN\bin;d:\java\program\apache-maven-3.2.5\bin;d:\python\Anaconda3;d:\python\Anaconda3\Scripts;d:\python\Anaconda3\Library\bin;d:\Program Files\TortoiseGit\bin;d:\Program Files\nodejs\;d:\Program Files\Git\bin;c:\Users\Administrator\AppData\Roaming\npm;d:\Program Files\Calibre2\;d:\java\program\jdk1.8\bin;c:\Users\Administrator\.just-installs\bin;d:\Program Files\Microsoft VS Code\bin
10 verbose lifecycle final-assets@1.0.0~server: CWD: d:\workspace\final\final-assets
11 silly lifecycle final-assets@1.0.0~server: Args: [ '/d /s /c', 'webpack-dev-server --open' ]
12 verbose stack Error: kill ENOSYS
12 verbose stack     at exports._errnoException (util.js:1018:11)
12 verbose stack     at process.kill (internal/process.js:190:13)
12 verbose stack     at process.listener (C:\Users\Administrator\AppData\Roaming\npm\node_modules\npm\node_modules\npmlog\node_modules\gauge\node_modules\signal-exit\index.js:86:15)
12 verbose stack     at emitNone (events.js:91:20)
12 verbose stack     at process.emit (events.js:185:7)
12 verbose stack     at processEmit (C:\Users\Administrator\AppData\Roaming\npm\node_modules\npm\node_modules\npmlog\node_modules\gauge\node_modules\signal-exit\index.js:146:32)
12 verbose stack     at processEmit (C:\Users\Administrator\AppData\Roaming\npm\node_modules\npm\node_modules\npm-registry-client\node_modules\npmlog\node_modules\gauge\node_modules\signal-exit\index.js:146:32)
12 verbose stack     at Signal.wrap.onsignal (internal/process.js:217:44)
13 verbose cwd d:\workspace\final\final-assets
14 error Windows_NT 6.1.7601
15 error argv "d:\\Program Files\\nodejs\\node.exe" "C:\\Users\\Administrator\\AppData\\Roaming\\npm\\node_modules\\npm\\bin\\npm-cli.js" "run" "server"
16 error node v6.10.2
17 error npm  v4.0.2
18 error code ENOSYS
19 error errno ENOSYS
20 error syscall kill
21 error kill ENOSYS
22 error If you need help, you may report this error at:
22 error     <https://github.com/npm/npm/issues>
23 verbose exit [ 1, true ]
